<?xml version="1.0" encoding="UTF-8"?>
<!-- Generated by org.testng.reporters.JUnitXMLReporter -->
<testsuite hostname="LAPTOP-LTIBGD6U" ignored="0" name="Test" tests="6" failures="1" timestamp="2021-02-26T00:25:28 IST" time="0.048" errors="0">
  <testcase name="one" time="0.006" classname="listeners.TestNGListenersDemo"/>
  <testcase name="three" time="0.002" classname="listeners.TestNGListenersDemo">
    <skipped/>
  </testcase> <!-- three -->
  <testcase name="two" time="0.003" classname="listeners.TestNGListenersDemo">
    <failure type="java.lang.AssertionError">
      <![CDATA[java.lang.AssertionError
at org.junit.Assert.fail(Assert.java:86)
at org.junit.Assert.assertTrue(Assert.java:41)
at org.junit.Assert.assertTrue(Assert.java:52)
at listeners.TestNGListenersDemo.two(TestNGListenersDemo.java:21)
at java.util.ArrayList.forEach(ArrayList.java:1259)
... Removed 27 stack frames]]>
    </failure>
  </testcase> <!-- two -->
  <testcase name="Test5" time="0.002" classname="listeners.TestNGListenersDemo2"/>
  <testcase name="Test4" time="0.001" classname="listeners.TestNGListenersDemo2"/>
  <testcase name="Test6" time="0.001" classname="listeners.TestNGListenersDemo2">
    <skipped/>
  </testcase> <!-- Test6 -->
</testsuite> <!-- Test -->
