<?xml version="1.0" encoding="UTF-8"?>
<testng-results skipped="0" failed="0" ignored="0" total="1" passed="1">
  <reporter-output>
  </reporter-output>
  <suite name="Command line suite" duration-ms="34" started-at="2021-02-24T17:25:40 IST" finished-at="2021-02-24T17:25:40 IST">
    <groups>
    </groups>
    <test name="Command line test" duration-ms="34" started-at="2021-02-24T17:25:40 IST" finished-at="2021-02-24T17:25:40 IST">
      <class name="helloworld_sk.TestHelloWorld">
        <test-method status="PASS" signature="testHelloWorld()[pri:0, instance:helloworld_sk.TestHelloWorld@42e26948]" name="testHelloWorld" duration-ms="4" started-at="2021-02-24T17:25:40 IST" finished-at="2021-02-24T17:25:40 IST">
          <reporter-output>
          </reporter-output>
        </test-method> <!-- testHelloWorld -->
      </class> <!-- helloworld_sk.TestHelloWorld -->
    </test> <!-- Command line test -->
  </suite> <!-- Command line suite -->
</testng-results>
